stdio    D         file_stdio.c:110  file_stdio_fopen                 [   0.00000] opening E:\文件\code\C++\final\Code\allegro5.cfg r
system   D            wsystem.c:874  _al_win_safe_load_library        [   0.00000] PathFindOnPath found: C:\WINDOWS\system32\shcore.dll
system   D            wsystem.c:780  load_library_at_path             [   0.00000] Calling LoadLibrary C:\WINDOWS\system32\shcore.dll
system   I            wsystem.c:783  load_library_at_path             [   0.00000] Loaded C:\WINDOWS\system32\shcore.dll
system   I             system.c:271  al_install_system                [   0.00000] Allegro version: 5.2.7
audio-dsound I           dsound.cpp:271  _dsound_open                     [   0.00029] Starting DirectSound...
audio-dsound D           dsound.cpp:280  _dsound_open                     [   0.01245] DirectSoundCreate8 succeeded
audio-dsound I           dsound.cpp:73   get_window                       [   0.01248] Using desktop window: 0000000000010010
audio    I              audio.c:347  do_install_audio                 [   0.01254] Using DirectSound driver
system   D            wsystem.c:874  _al_win_safe_load_library        [   0.01265] PathFindOnPath found: C:\WINDOWS\system32\d3d9.dll
system   D            wsystem.c:780  load_library_at_path             [   0.01267] Calling LoadLibrary C:\WINDOWS\system32\d3d9.dll
system   I            wsystem.c:783  load_library_at_path             [   0.01331] Loaded C:\WINDOWS\system32\d3d9.dll
d3d      I         d3d_disp.cpp:684  d3d_init_display                 [   0.04076] Render-to-texture: 1
d3d      I         d3d_disp.cpp:1782 d3d_create_display_locked        [   0.04113] faux_fullscreen=0
d3d      D         d3d_disp.cpp:1783 d3d_create_display_locked        [   0.04115] al_display=0000000000f5bd30
d3d      D         d3d_disp.cpp:1784 d3d_create_display_locked        [   0.04115] al_display->vt=0000000000f5bbc0
d3d      I d3d_display_formats.cpp:144  _al_d3d_generate_display_format_list [   0.04276] found 160 format combinations
display  D   display_settings.c:212  debug_display_settings           [   0.04278] color: 32 (rgba 8880), depth: 0, stencil: 0, acc: 0000, samples: 0/0
display  D   display_settings.c:527  _al_score_display_settings       [   0.04279] Score is : 897
display  D   display_settings.c:212  debug_display_settings           [   0.04280] color: 32 (rgba 8880), depth: 0, stencil: 0, acc: 0000, samples: 0/0
display  D   display_settings.c:527  _al_score_display_settings       [   0.04281] Score is : 897
display  D   display_settings.c:212  debug_display_settings           [   0.04282] color: 32 (rgba 8880), depth: 0, stencil: 0, acc: 0000, samples: 2/1
display  D   display_settings.c:527  _al_score_display_settings       [   0.04283] Score is : 726
display  D   display_settings.c:212  debug_display_settings           [   0.04284] color: 32 (rgba 8880), depth: 0, stencil: 0, acc: 0000, samples: 3/1
display  D   display_settings.c:527  _al_score_display_settings       [   0.04285] Score is : 721
display  D   display_settings.c:212  debug_display_settings           [   0.04285] color: 32 (rgba 8880), depth: 0, stencil: 0, acc: 0000, samples: 4/1
display  D   display_settings.c:527  _al_score_display_settings       [   0.04286] Score is : 717
display  D   display_settings.c:212  debug_display_settings           [   0.04287] color: 32 (rgba 8880), depth: 24, stencil: 8, acc: 0000, samples: 0/0
display  D   display_settings.c:527  _al_score_display_settings       [   0.04288] Score is : 897
display  D   display_settings.c:212  debug_display_settings           [   0.04289] color: 32 (rgba 8880), depth: 24, stencil: 8, acc: 0000, samples: 0/0
display  D   display_settings.c:527  _al_score_display_settings       [   0.04290] Score is : 897
display  D   display_settings.c:212  debug_display_settings           [   0.04291] color: 32 (rgba 8880), depth: 24, stencil: 8, acc: 0000, samples: 2/1
display  D   display_settings.c:527  _al_score_display_settings       [   0.04292] Score is : 726
display  D   display_settings.c:212  debug_display_settings           [   0.04292] color: 32 (rgba 8880), depth: 24, stencil: 8, acc: 0000, samples: 3/1
display  D   display_settings.c:527  _al_score_display_settings       [   0.04296] Score is : 721
display  D   display_settings.c:212  debug_display_settings           [   0.04298] color: 32 (rgba 8880), depth: 24, stencil: 8, acc: 0000, samples: 4/1
display  D   display_settings.c:527  _al_score_display_settings       [   0.04298] Score is : 717
display  D   display_settings.c:212  debug_display_settings           [   0.04299] color: 32 (rgba 8880), depth: 24, stencil: 0, acc: 0000, samples: 0/0
display  D   display_settings.c:527  _al_score_display_settings       [   0.04300] Score is : 897
display  D   display_settings.c:212  debug_display_settings           [   0.04301] color: 32 (rgba 8880), depth: 24, stencil: 0, acc: 0000, samples: 0/0
display  D   display_settings.c:527  _al_score_display_settings       [   0.04302] Score is : 897
display  D   display_settings.c:212  debug_display_settings           [   0.04303] color: 32 (rgba 8880), depth: 24, stencil: 0, acc: 0000, samples: 2/1
display  D   display_settings.c:527  _al_score_display_settings       [   0.04304] Score is : 726
display  D   display_settings.c:212  debug_display_settings           [   0.04304] color: 32 (rgba 8880), depth: 24, stencil: 0, acc: 0000, samples: 3/1
display  D   display_settings.c:527  _al_score_display_settings       [   0.04305] Score is : 721
display  D   display_settings.c:212  debug_display_settings           [   0.04306] color: 32 (rgba 8880), depth: 24, stencil: 0, acc: 0000, samples: 4/1
display  D   display_settings.c:527  _al_score_display_settings       [   0.04307] Score is : 717
display  D   display_settings.c:212  debug_display_settings           [   0.04308] color: 32 (rgba 8880), depth: 16, stencil: 0, acc: 0000, samples: 0/0
display  D   display_settings.c:527  _al_score_display_settings       [   0.04309] Score is : 897
display  D   display_settings.c:212  debug_display_settings           [   0.04310] color: 32 (rgba 8880), depth: 16, stencil: 0, acc: 0000, samples: 0/0
display  D   display_settings.c:527  _al_score_display_settings       [   0.04310] Score is : 897
display  D   display_settings.c:212  debug_display_settings           [   0.04311] color: 32 (rgba 8880), depth: 16, stencil: 0, acc: 0000, samples: 2/1
display  D   display_settings.c:527  _al_score_display_settings       [   0.04312] Score is : 726
display  D   display_settings.c:212  debug_display_settings           [   0.04313] color: 32 (rgba 8880), depth: 16, stencil: 0, acc: 0000, samples: 3/1
display  D   display_settings.c:527  _al_score_display_settings       [   0.04314] Score is : 721
display  D   display_settings.c:212  debug_display_settings           [   0.04315] color: 32 (rgba 8880), depth: 16, stencil: 0, acc: 0000, samples: 4/1
display  D   display_settings.c:527  _al_score_display_settings       [   0.04316] Score is : 717
display  D   display_settings.c:212  debug_display_settings           [   0.04316] color: 16 (rgba 5650), depth: 0, stencil: 0, acc: 0000, samples: 0/0
display  D   display_settings.c:527  _al_score_display_settings       [   0.04317] Score is : 897
display  D   display_settings.c:212  debug_display_settings           [   0.04318] color: 16 (rgba 5650), depth: 0, stencil: 0, acc: 0000, samples: 0/0
display  D   display_settings.c:527  _al_score_display_settings       [   0.04319] Score is : 897
display  D   display_settings.c:212  debug_display_settings           [   0.04320] color: 16 (rgba 5650), depth: 0, stencil: 0, acc: 0000, samples: 2/1
display  D   display_settings.c:527  _al_score_display_settings       [   0.04321] Score is : 726
display  D   display_settings.c:212  debug_display_settings           [   0.04322] color: 16 (rgba 5650), depth: 0, stencil: 0, acc: 0000, samples: 3/1
display  D   display_settings.c:527  _al_score_display_settings       [   0.04322] Score is : 721
display  D   display_settings.c:212  debug_display_settings           [   0.04323] color: 16 (rgba 5650), depth: 0, stencil: 0, acc: 0000, samples: 4/1
display  D   display_settings.c:527  _al_score_display_settings       [   0.04324] Score is : 717
display  D   display_settings.c:212  debug_display_settings           [   0.04325] color: 16 (rgba 5650), depth: 24, stencil: 8, acc: 0000, samples: 0/0
display  D   display_settings.c:527  _al_score_display_settings       [   0.04326] Score is : 897
display  D   display_settings.c:212  debug_display_settings           [   0.04327] color: 16 (rgba 5650), depth: 24, stencil: 8, acc: 0000, samples: 0/0
display  D   display_settings.c:527  _al_score_display_settings       [   0.04328] Score is : 897
display  D   display_settings.c:212  debug_display_settings           [   0.04329] color: 16 (rgba 5650), depth: 24, stencil: 8, acc: 0000, samples: 2/1
display  D   display_settings.c:527  _al_score_display_settings       [   0.04330] Score is : 726
display  D   display_settings.c:212  debug_display_settings           [   0.04330] color: 16 (rgba 5650), depth: 24, stencil: 8, acc: 0000, samples: 3/1
display  D   display_settings.c:527  _al_score_display_settings       [   0.04331] Score is : 721
display  D   display_settings.c:212  debug_display_settings           [   0.04332] color: 16 (rgba 5650), depth: 24, stencil: 8, acc: 0000, samples: 4/1
display  D   display_settings.c:527  _al_score_display_settings       [   0.04333] Score is : 717
display  D   display_settings.c:212  debug_display_settings           [   0.04334] color: 16 (rgba 5650), depth: 24, stencil: 0, acc: 0000, samples: 0/0
display  D   display_settings.c:527  _al_score_display_settings       [   0.04335] Score is : 897
display  D   display_settings.c:212  debug_display_settings           [   0.04335] color: 16 (rgba 5650), depth: 24, stencil: 0, acc: 0000, samples: 0/0
display  D   display_settings.c:527  _al_score_display_settings       [   0.04336] Score is : 897
display  D   display_settings.c:212  debug_display_settings           [   0.04337] color: 16 (rgba 5650), depth: 24, stencil: 0, acc: 0000, samples: 2/1
display  D   display_settings.c:527  _al_score_display_settings       [   0.04338] Score is : 726
display  D   display_settings.c:212  debug_display_settings           [   0.04339] color: 16 (rgba 5650), depth: 24, stencil: 0, acc: 0000, samples: 3/1
display  D   display_settings.c:527  _al_score_display_settings       [   0.04340] Score is : 721
display  D   display_settings.c:212  debug_display_settings           [   0.04341] color: 16 (rgba 5650), depth: 24, stencil: 0, acc: 0000, samples: 4/1
display  D   display_settings.c:527  _al_score_display_settings       [   0.04342] Score is : 717
display  D   display_settings.c:212  debug_display_settings           [   0.04342] color: 16 (rgba 5650), depth: 16, stencil: 0, acc: 0000, samples: 0/0
display  D   display_settings.c:527  _al_score_display_settings       [   0.04343] Score is : 897
display  D   display_settings.c:212  debug_display_settings           [   0.04344] color: 16 (rgba 5650), depth: 16, stencil: 0, acc: 0000, samples: 0/0
display  D   display_settings.c:527  _al_score_display_settings       [   0.04345] Score is : 897
display  D   display_settings.c:212  debug_display_settings           [   0.04346] color: 16 (rgba 5650), depth: 16, stencil: 0, acc: 0000, samples: 2/1
display  D   display_settings.c:527  _al_score_display_settings       [   0.04347] Score is : 726
display  D   display_settings.c:212  debug_display_settings           [   0.04347] color: 16 (rgba 5650), depth: 16, stencil: 0, acc: 0000, samples: 3/1
display  D   display_settings.c:527  _al_score_display_settings       [   0.04348] Score is : 721
display  D   display_settings.c:212  debug_display_settings           [   0.04349] color: 16 (rgba 5650), depth: 16, stencil: 0, acc: 0000, samples: 4/1
display  D   display_settings.c:527  _al_score_display_settings       [   0.04350] Score is : 717
display  D   display_settings.c:212  debug_display_settings           [   0.04351] color: 32 (rgba 8880), depth: 0, stencil: 0, acc: 0000, samples: 0/0
display  D   display_settings.c:398  _al_score_display_settings       [   0.04352] Single Buffer requirement not met.
display  D   display_settings.c:212  debug_display_settings           [   0.04353] color: 32 (rgba 8880), depth: 0, stencil: 0, acc: 0000, samples: 0/0
display  D   display_settings.c:398  _al_score_display_settings       [   0.04354] Single Buffer requirement not met.
display  D   display_settings.c:212  debug_display_settings           [   0.04355] color: 32 (rgba 8880), depth: 0, stencil: 0, acc: 0000, samples: 2/1
display  D   display_settings.c:398  _al_score_display_settings       [   0.04355] Single Buffer requirement not met.
display  D   display_settings.c:212  debug_display_settings           [   0.04356] color: 32 (rgba 8880), depth: 0, stencil: 0, acc: 0000, samples: 3/1
display  D   display_settings.c:398  _al_score_display_settings       [   0.04357] Single Buffer requirement not met.
display  D   display_settings.c:212  debug_display_settings           [   0.04358] color: 32 (rgba 8880), depth: 0, stencil: 0, acc: 0000, samples: 4/1
display  D   display_settings.c:398  _al_score_display_settings       [   0.04359] Single Buffer requirement not met.
display  D   display_settings.c:212  debug_display_settings           [   0.04360] color: 32 (rgba 8880), depth: 24, stencil: 8, acc: 0000, samples: 0/0
display  D   display_settings.c:398  _al_score_display_settings       [   0.04361] Single Buffer requirement not met.
display  D   display_settings.c:212  debug_display_settings           [   0.04361] color: 32 (rgba 8880), depth: 24, stencil: 8, acc: 0000, samples: 0/0
display  D   display_settings.c:398  _al_score_display_settings       [   0.04362] Single Buffer requirement not met.
display  D   display_settings.c:212  debug_display_settings           [   0.04363] color: 32 (rgba 8880), depth: 24, stencil: 8, acc: 0000, samples: 2/1
display  D   display_settings.c:398  _al_score_display_settings       [   0.04364] Single Buffer requirement not met.
display  D   display_settings.c:212  debug_display_settings           [   0.04365] color: 32 (rgba 8880), depth: 24, stencil: 8, acc: 0000, samples: 3/1
display  D   display_settings.c:398  _al_score_display_settings       [   0.04366] Single Buffer requirement not met.
display  D   display_settings.c:212  debug_display_settings           [   0.04367] color: 32 (rgba 8880), depth: 24, stencil: 8, acc: 0000, samples: 4/1
display  D   display_settings.c:398  _al_score_display_settings       [   0.04368] Single Buffer requirement not met.
display  D   display_settings.c:212  debug_display_settings           [   0.04368] color: 32 (rgba 8880), depth: 24, stencil: 0, acc: 0000, samples: 0/0
display  D   display_settings.c:398  _al_score_display_settings       [   0.04369] Single Buffer requirement not met.
display  D   display_settings.c:212  debug_display_settings           [   0.04370] color: 32 (rgba 8880), depth: 24, stencil: 0, acc: 0000, samples: 0/0
display  D   display_settings.c:398  _al_score_display_settings       [   0.04371] Single Buffer requirement not met.
display  D   display_settings.c:212  debug_display_settings           [   0.04372] color: 32 (rgba 8880), depth: 24, stencil: 0, acc: 0000, samples: 2/1
display  D   display_settings.c:398  _al_score_display_settings       [   0.04373] Single Buffer requirement not met.
display  D   display_settings.c:212  debug_display_settings           [   0.04374] color: 32 (rgba 8880), depth: 24, stencil: 0, acc: 0000, samples: 3/1
display  D   display_settings.c:398  _al_score_display_settings       [   0.04375] Single Buffer requirement not met.
display  D   display_settings.c:212  debug_display_settings           [   0.04375] color: 32 (rgba 8880), depth: 24, stencil: 0, acc: 0000, samples: 4/1
display  D   display_settings.c:398  _al_score_display_settings       [   0.04376] Single Buffer requirement not met.
display  D   display_settings.c:212  debug_display_settings           [   0.04377] color: 32 (rgba 8880), depth: 16, stencil: 0, acc: 0000, samples: 0/0
display  D   display_settings.c:398  _al_score_display_settings       [   0.04379] Single Buffer requirement not met.
display  D   display_settings.c:212  debug_display_settings           [   0.04380] color: 32 (rgba 8880), depth: 16, stencil: 0, acc: 0000, samples: 0/0
display  D   display_settings.c:398  _al_score_display_settings       [   0.04381] Single Buffer requirement not met.
display  D   display_settings.c:212  debug_display_settings           [   0.04382] color: 32 (rgba 8880), depth: 16, stencil: 0, acc: 0000, samples: 2/1
display  D   display_settings.c:398  _al_score_display_settings       [   0.04383] Single Buffer requirement not met.
display  D   display_settings.c:212  debug_display_settings           [   0.04384] color: 32 (rgba 8880), depth: 16, stencil: 0, acc: 0000, samples: 3/1
display  D   display_settings.c:398  _al_score_display_settings       [   0.04385] Single Buffer requirement not met.
display  D   display_settings.c:212  debug_display_settings           [   0.04385] color: 32 (rgba 8880), depth: 16, stencil: 0, acc: 0000, samples: 4/1
display  D   display_settings.c:398  _al_score_display_settings       [   0.04386] Single Buffer requirement not met.
display  D   display_settings.c:212  debug_display_settings           [   0.04387] color: 16 (rgba 5650), depth: 0, stencil: 0, acc: 0000, samples: 0/0
display  D   display_settings.c:398  _al_score_display_settings       [   0.04388] Single Buffer requirement not met.
display  D   display_settings.c:212  debug_display_settings           [   0.04389] color: 16 (rgba 5650), depth: 0, stencil: 0, acc: 0000, samples: 0/0
display  D   display_settings.c:398  _al_score_display_settings       [   0.04390] Single Buffer requirement not met.
display  D   display_settings.c:212  debug_display_settings           [   0.04391] color: 16 (rgba 5650), depth: 0, stencil: 0, acc: 0000, samples: 2/1
display  D   display_settings.c:398  _al_score_display_settings       [   0.04392] Single Buffer requirement not met.
display  D   display_settings.c:212  debug_display_settings           [   0.04392] color: 16 (rgba 5650), depth: 0, stencil: 0, acc: 0000, samples: 3/1
display  D   display_settings.c:398  _al_score_display_settings       [   0.04393] Single Buffer requirement not met.
display  D   display_settings.c:212  debug_display_settings           [   0.04394] color: 16 (rgba 5650), depth: 0, stencil: 0, acc: 0000, samples: 4/1
display  D   display_settings.c:398  _al_score_display_settings       [   0.04395] Single Buffer requirement not met.
display  D   display_settings.c:212  debug_display_settings           [   0.04396] color: 16 (rgba 5650), depth: 24, stencil: 8, acc: 0000, samples: 0/0
display  D   display_settings.c:398  _al_score_display_settings       [   0.04397] Single Buffer requirement not met.
display  D   display_settings.c:212  debug_display_settings           [   0.04398] color: 16 (rgba 5650), depth: 24, stencil: 8, acc: 0000, samples: 0/0
display  D   display_settings.c:398  _al_score_display_settings       [   0.04399] Single Buffer requirement not met.
display  D   display_settings.c:212  debug_display_settings           [   0.04399] color: 16 (rgba 5650), depth: 24, stencil: 8, acc: 0000, samples: 2/1
display  D   display_settings.c:398  _al_score_display_settings       [   0.04400] Single Buffer requirement not met.
display  D   display_settings.c:212  debug_display_settings           [   0.04401] color: 16 (rgba 5650), depth: 24, stencil: 8, acc: 0000, samples: 3/1
display  D   display_settings.c:398  _al_score_display_settings       [   0.04402] Single Buffer requirement not met.
display  D   display_settings.c:212  debug_display_settings           [   0.04403] color: 16 (rgba 5650), depth: 24, stencil: 8, acc: 0000, samples: 4/1
display  D   display_settings.c:398  _al_score_display_settings       [   0.04404] Single Buffer requirement not met.
display  D   display_settings.c:212  debug_display_settings           [   0.04405] color: 16 (rgba 5650), depth: 24, stencil: 0, acc: 0000, samples: 0/0
display  D   display_settings.c:398  _al_score_display_settings       [   0.04405] Single Buffer requirement not met.
display  D   display_settings.c:212  debug_display_settings           [   0.04406] color: 16 (rgba 5650), depth: 24, stencil: 0, acc: 0000, samples: 0/0
display  D   display_settings.c:398  _al_score_display_settings       [   0.04407] Single Buffer requirement not met.
display  D   display_settings.c:212  debug_display_settings           [   0.04408] color: 16 (rgba 5650), depth: 24, stencil: 0, acc: 0000, samples: 2/1
display  D   display_settings.c:398  _al_score_display_settings       [   0.04409] Single Buffer requirement not met.
display  D   display_settings.c:212  debug_display_settings           [   0.04410] color: 16 (rgba 5650), depth: 24, stencil: 0, acc: 0000, samples: 3/1
display  D   display_settings.c:398  _al_score_display_settings       [   0.04411] Single Buffer requirement not met.
display  D   display_settings.c:212  debug_display_settings           [   0.04412] color: 16 (rgba 5650), depth: 24, stencil: 0, acc: 0000, samples: 4/1
display  D   display_settings.c:398  _al_score_display_settings       [   0.04412] Single Buffer requirement not met.
display  D   display_settings.c:212  debug_display_settings           [   0.04413] color: 16 (rgba 5650), depth: 16, stencil: 0, acc: 0000, samples: 0/0
display  D   display_settings.c:398  _al_score_display_settings       [   0.04414] Single Buffer requirement not met.
display  D   display_settings.c:212  debug_display_settings           [   0.04415] color: 16 (rgba 5650), depth: 16, stencil: 0, acc: 0000, samples: 0/0
display  D   display_settings.c:398  _al_score_display_settings       [   0.04416] Single Buffer requirement not met.
display  D   display_settings.c:212  debug_display_settings           [   0.04417] color: 16 (rgba 5650), depth: 16, stencil: 0, acc: 0000, samples: 2/1
display  D   display_settings.c:398  _al_score_display_settings       [   0.04418] Single Buffer requirement not met.
display  D   display_settings.c:212  debug_display_settings           [   0.04418] color: 16 (rgba 5650), depth: 16, stencil: 0, acc: 0000, samples: 3/1
display  D   display_settings.c:398  _al_score_display_settings       [   0.04419] Single Buffer requirement not met.
display  D   display_settings.c:212  debug_display_settings           [   0.04420] color: 16 (rgba 5650), depth: 16, stencil: 0, acc: 0000, samples: 4/1
display  D   display_settings.c:398  _al_score_display_settings       [   0.04421] Single Buffer requirement not met.
display  D   display_settings.c:212  debug_display_settings           [   0.04422] color: 32 (rgba 8880), depth: 0, stencil: 0, acc: 0000, samples: 0/0
display  D   display_settings.c:527  _al_score_display_settings       [   0.04423] Score is : 769
display  D   display_settings.c:212  debug_display_settings           [   0.04424] color: 32 (rgba 8880), depth: 0, stencil: 0, acc: 0000, samples: 0/0
display  D   display_settings.c:527  _al_score_display_settings       [   0.04424] Score is : 769
display  D   display_settings.c:212  debug_display_settings           [   0.04425] color: 32 (rgba 8880), depth: 0, stencil: 0, acc: 0000, samples: 2/1
display  D   display_settings.c:527  _al_score_display_settings       [   0.04426] Score is : 598
display  D   display_settings.c:212  debug_display_settings           [   0.04427] color: 32 (rgba 8880), depth: 0, stencil: 0, acc: 0000, samples: 3/1
display  D   display_settings.c:527  _al_score_display_settings       [   0.04428] Score is : 593
display  D   display_settings.c:212  debug_display_settings           [   0.04429] color: 32 (rgba 8880), depth: 0, stencil: 0, acc: 0000, samples: 4/1
display  D   display_settings.c:527  _al_score_display_settings       [   0.04430] Score is : 589
display  D   display_settings.c:212  debug_display_settings           [   0.04430] color: 32 (rgba 8880), depth: 24, stencil: 8, acc: 0000, samples: 0/0
display  D   display_settings.c:527  _al_score_display_settings       [   0.04431] Score is : 769
display  D   display_settings.c:212  debug_display_settings           [   0.04432] color: 32 (rgba 8880), depth: 24, stencil: 8, acc: 0000, samples: 0/0
display  D   display_settings.c:527  _al_score_display_settings       [   0.04433] Score is : 769
display  D   display_settings.c:212  debug_display_settings           [   0.04434] color: 32 (rgba 8880), depth: 24, stencil: 8, acc: 0000, samples: 2/1
display  D   display_settings.c:527  _al_score_display_settings       [   0.04435] Score is : 598
display  D   display_settings.c:212  debug_display_settings           [   0.04436] color: 32 (rgba 8880), depth: 24, stencil: 8, acc: 0000, samples: 3/1
display  D   display_settings.c:527  _al_score_display_settings       [   0.04437] Score is : 593
display  D   display_settings.c:212  debug_display_settings           [   0.04437] color: 32 (rgba 8880), depth: 24, stencil: 8, acc: 0000, samples: 4/1
display  D   display_settings.c:527  _al_score_display_settings       [   0.04438] Score is : 589
display  D   display_settings.c:212  debug_display_settings           [   0.04439] color: 32 (rgba 8880), depth: 24, stencil: 0, acc: 0000, samples: 0/0
display  D   display_settings.c:527  _al_score_display_settings       [   0.04440] Score is : 769
display  D   display_settings.c:212  debug_display_settings           [   0.04441] color: 32 (rgba 8880), depth: 24, stencil: 0, acc: 0000, samples: 0/0
display  D   display_settings.c:527  _al_score_display_settings       [   0.04442] Score is : 769
display  D   display_settings.c:212  debug_display_settings           [   0.04443] color: 32 (rgba 8880), depth: 24, stencil: 0, acc: 0000, samples: 2/1
display  D   display_settings.c:527  _al_score_display_settings       [   0.04443] Score is : 598
display  D   display_settings.c:212  debug_display_settings           [   0.04444] color: 32 (rgba 8880), depth: 24, stencil: 0, acc: 0000, samples: 3/1
display  D   display_settings.c:527  _al_score_display_settings       [   0.04445] Score is : 593
display  D   display_settings.c:212  debug_display_settings           [   0.04446] color: 32 (rgba 8880), depth: 24, stencil: 0, acc: 0000, samples: 4/1
display  D   display_settings.c:527  _al_score_display_settings       [   0.04447] Score is : 589
display  D   display_settings.c:212  debug_display_settings           [   0.04448] color: 32 (rgba 8880), depth: 16, stencil: 0, acc: 0000, samples: 0/0
display  D   display_settings.c:527  _al_score_display_settings       [   0.04449] Score is : 769
display  D   display_settings.c:212  debug_display_settings           [   0.04449] color: 32 (rgba 8880), depth: 16, stencil: 0, acc: 0000, samples: 0/0
display  D   display_settings.c:527  _al_score_display_settings       [   0.04450] Score is : 769
display  D   display_settings.c:212  debug_display_settings           [   0.04451] color: 32 (rgba 8880), depth: 16, stencil: 0, acc: 0000, samples: 2/1
display  D   display_settings.c:527  _al_score_display_settings       [   0.04452] Score is : 598
display  D   display_settings.c:212  debug_display_settings           [   0.04453] color: 32 (rgba 8880), depth: 16, stencil: 0, acc: 0000, samples: 3/1
display  D   display_settings.c:527  _al_score_display_settings       [   0.04454] Score is : 593
display  D   display_settings.c:212  debug_display_settings           [   0.04454] color: 32 (rgba 8880), depth: 16, stencil: 0, acc: 0000, samples: 4/1
display  D   display_settings.c:527  _al_score_display_settings       [   0.04455] Score is : 589
display  D   display_settings.c:212  debug_display_settings           [   0.04456] color: 16 (rgba 5650), depth: 0, stencil: 0, acc: 0000, samples: 0/0
display  D   display_settings.c:527  _al_score_display_settings       [   0.04457] Score is : 769
display  D   display_settings.c:212  debug_display_settings           [   0.04458] color: 16 (rgba 5650), depth: 0, stencil: 0, acc: 0000, samples: 0/0
display  D   display_settings.c:527  _al_score_display_settings       [   0.04459] Score is : 769
display  D   display_settings.c:212  debug_display_settings           [   0.04460] color: 16 (rgba 5650), depth: 0, stencil: 0, acc: 0000, samples: 2/1
display  D   display_settings.c:527  _al_score_display_settings       [   0.04461] Score is : 598
display  D   display_settings.c:212  debug_display_settings           [   0.04461] color: 16 (rgba 5650), depth: 0, stencil: 0, acc: 0000, samples: 3/1
display  D   display_settings.c:527  _al_score_display_settings       [   0.04462] Score is : 593
display  D   display_settings.c:212  debug_display_settings           [   0.04463] color: 16 (rgba 5650), depth: 0, stencil: 0, acc: 0000, samples: 4/1
display  D   display_settings.c:527  _al_score_display_settings       [   0.04464] Score is : 589
display  D   display_settings.c:212  debug_display_settings           [   0.04465] color: 16 (rgba 5650), depth: 24, stencil: 8, acc: 0000, samples: 0/0
display  D   display_settings.c:527  _al_score_display_settings       [   0.04466] Score is : 769
display  D   display_settings.c:212  debug_display_settings           [   0.04467] color: 16 (rgba 5650), depth: 24, stencil: 8, acc: 0000, samples: 0/0
display  D   display_settings.c:527  _al_score_display_settings       [   0.04467] Score is : 769
display  D   display_settings.c:212  debug_display_settings           [   0.04468] color: 16 (rgba 5650), depth: 24, stencil: 8, acc: 0000, samples: 2/1
display  D   display_settings.c:527  _al_score_display_settings       [   0.04469] Score is : 598
display  D   display_settings.c:212  debug_display_settings           [   0.04470] color: 16 (rgba 5650), depth: 24, stencil: 8, acc: 0000, samples: 3/1
display  D   display_settings.c:527  _al_score_display_settings       [   0.04471] Score is : 593
display  D   display_settings.c:212  debug_display_settings           [   0.04472] color: 16 (rgba 5650), depth: 24, stencil: 8, acc: 0000, samples: 4/1
display  D   display_settings.c:527  _al_score_display_settings       [   0.04473] Score is : 589
display  D   display_settings.c:212  debug_display_settings           [   0.04473] color: 16 (rgba 5650), depth: 24, stencil: 0, acc: 0000, samples: 0/0
display  D   display_settings.c:527  _al_score_display_settings       [   0.04474] Score is : 769
display  D   display_settings.c:212  debug_display_settings           [   0.04475] color: 16 (rgba 5650), depth: 24, stencil: 0, acc: 0000, samples: 0/0
display  D   display_settings.c:527  _al_score_display_settings       [   0.04476] Score is : 769
display  D   display_settings.c:212  debug_display_settings           [   0.04477] color: 16 (rgba 5650), depth: 24, stencil: 0, acc: 0000, samples: 2/1
display  D   display_settings.c:527  _al_score_display_settings       [   0.04478] Score is : 598
display  D   display_settings.c:212  debug_display_settings           [   0.04479] color: 16 (rgba 5650), depth: 24, stencil: 0, acc: 0000, samples: 3/1
display  D   display_settings.c:527  _al_score_display_settings       [   0.04479] Score is : 593
display  D   display_settings.c:212  debug_display_settings           [   0.04480] color: 16 (rgba 5650), depth: 24, stencil: 0, acc: 0000, samples: 4/1
display  D   display_settings.c:527  _al_score_display_settings       [   0.04481] Score is : 589
display  D   display_settings.c:212  debug_display_settings           [   0.04482] color: 16 (rgba 5650), depth: 16, stencil: 0, acc: 0000, samples: 0/0
display  D   display_settings.c:527  _al_score_display_settings       [   0.04483] Score is : 769
display  D   display_settings.c:212  debug_display_settings           [   0.04484] color: 16 (rgba 5650), depth: 16, stencil: 0, acc: 0000, samples: 0/0
display  D   display_settings.c:527  _al_score_display_settings       [   0.04485] Score is : 769
display  D   display_settings.c:212  debug_display_settings           [   0.04485] color: 16 (rgba 5650), depth: 16, stencil: 0, acc: 0000, samples: 2/1
display  D   display_settings.c:527  _al_score_display_settings       [   0.04486] Score is : 598
display  D   display_settings.c:212  debug_display_settings           [   0.04487] color: 16 (rgba 5650), depth: 16, stencil: 0, acc: 0000, samples: 3/1
display  D   display_settings.c:527  _al_score_display_settings       [   0.04489] Score is : 593
display  D   display_settings.c:212  debug_display_settings           [   0.04489] color: 16 (rgba 5650), depth: 16, stencil: 0, acc: 0000, samples: 4/1
display  D   display_settings.c:527  _al_score_display_settings       [   0.04490] Score is : 589
display  D   display_settings.c:212  debug_display_settings           [   0.04491] color: 32 (rgba 8880), depth: 0, stencil: 0, acc: 0000, samples: 0/0
display  D   display_settings.c:398  _al_score_display_settings       [   0.04491] Single Buffer requirement not met.
display  D   display_settings.c:212  debug_display_settings           [   0.04492] color: 32 (rgba 8880), depth: 0, stencil: 0, acc: 0000, samples: 0/0
display  D   display_settings.c:398  _al_score_display_settings       [   0.04493] Single Buffer requirement not met.
display  D   display_settings.c:212  debug_display_settings           [   0.04493] color: 32 (rgba 8880), depth: 0, stencil: 0, acc: 0000, samples: 2/1
display  D   display_settings.c:398  _al_score_display_settings       [   0.04494] Single Buffer requirement not met.
display  D   display_settings.c:212  debug_display_settings           [   0.04495] color: 32 (rgba 8880), depth: 0, stencil: 0, acc: 0000, samples: 3/1
display  D   display_settings.c:398  _al_score_display_settings       [   0.04496] Single Buffer requirement not met.
display  D   display_settings.c:212  debug_display_settings           [   0.04496] color: 32 (rgba 8880), depth: 0, stencil: 0, acc: 0000, samples: 4/1
display  D   display_settings.c:398  _al_score_display_settings       [   0.04497] Single Buffer requirement not met.
display  D   display_settings.c:212  debug_display_settings           [   0.04498] color: 32 (rgba 8880), depth: 24, stencil: 8, acc: 0000, samples: 0/0
display  D   display_settings.c:398  _al_score_display_settings       [   0.04498] Single Buffer requirement not met.
display  D   display_settings.c:212  debug_display_settings           [   0.04499] color: 32 (rgba 8880), depth: 24, stencil: 8, acc: 0000, samples: 0/0
display  D   display_settings.c:398  _al_score_display_settings       [   0.04500] Single Buffer requirement not met.
display  D   display_settings.c:212  debug_display_settings           [   0.04500] color: 32 (rgba 8880), depth: 24, stencil: 8, acc: 0000, samples: 2/1
display  D   display_settings.c:398  _al_score_display_settings       [   0.04501] Single Buffer requirement not met.
display  D   display_settings.c:212  debug_display_settings           [   0.04502] color: 32 (rgba 8880), depth: 24, stencil: 8, acc: 0000, samples: 3/1
display  D   display_settings.c:398  _al_score_display_settings       [   0.04502] Single Buffer requirement not met.
display  D   display_settings.c:212  debug_display_settings           [   0.04503] color: 32 (rgba 8880), depth: 24, stencil: 8, acc: 0000, samples: 4/1
display  D   display_settings.c:398  _al_score_display_settings       [   0.04504] Single Buffer requirement not met.
display  D   display_settings.c:212  debug_display_settings           [   0.04504] color: 32 (rgba 8880), depth: 24, stencil: 0, acc: 0000, samples: 0/0
display  D   display_settings.c:398  _al_score_display_settings       [   0.04505] Single Buffer requirement not met.
display  D   display_settings.c:212  debug_display_settings           [   0.04506] color: 32 (rgba 8880), depth: 24, stencil: 0, acc: 0000, samples: 0/0
display  D   display_settings.c:398  _al_score_display_settings       [   0.04507] Single Buffer requirement not met.
display  D   display_settings.c:212  debug_display_settings           [   0.04507] color: 32 (rgba 8880), depth: 24, stencil: 0, acc: 0000, samples: 2/1
display  D   display_settings.c:398  _al_score_display_settings       [   0.04508] Single Buffer requirement not met.
display  D   display_settings.c:212  debug_display_settings           [   0.04509] color: 32 (rgba 8880), depth: 24, stencil: 0, acc: 0000, samples: 3/1
display  D   display_settings.c:398  _al_score_display_settings       [   0.04509] Single Buffer requirement not met.
display  D   display_settings.c:212  debug_display_settings           [   0.04510] color: 32 (rgba 8880), depth: 24, stencil: 0, acc: 0000, samples: 4/1
display  D   display_settings.c:398  _al_score_display_settings       [   0.04511] Single Buffer requirement not met.
display  D   display_settings.c:212  debug_display_settings           [   0.04512] color: 32 (rgba 8880), depth: 16, stencil: 0, acc: 0000, samples: 0/0
display  D   display_settings.c:398  _al_score_display_settings       [   0.04512] Single Buffer requirement not met.
display  D   display_settings.c:212  debug_display_settings           [   0.04513] color: 32 (rgba 8880), depth: 16, stencil: 0, acc: 0000, samples: 0/0
display  D   display_settings.c:398  _al_score_display_settings       [   0.04514] Single Buffer requirement not met.
display  D   display_settings.c:212  debug_display_settings           [   0.04514] color: 32 (rgba 8880), depth: 16, stencil: 0, acc: 0000, samples: 2/1
display  D   display_settings.c:398  _al_score_display_settings       [   0.04515] Single Buffer requirement not met.
display  D   display_settings.c:212  debug_display_settings           [   0.04516] color: 32 (rgba 8880), depth: 16, stencil: 0, acc: 0000, samples: 3/1
display  D   display_settings.c:398  _al_score_display_settings       [   0.04516] Single Buffer requirement not met.
display  D   display_settings.c:212  debug_display_settings           [   0.04517] color: 32 (rgba 8880), depth: 16, stencil: 0, acc: 0000, samples: 4/1
display  D   display_settings.c:398  _al_score_display_settings       [   0.04518] Single Buffer requirement not met.
display  D   display_settings.c:212  debug_display_settings           [   0.04518] color: 16 (rgba 5650), depth: 0, stencil: 0, acc: 0000, samples: 0/0
display  D   display_settings.c:398  _al_score_display_settings       [   0.04519] Single Buffer requirement not met.
display  D   display_settings.c:212  debug_display_settings           [   0.04520] color: 16 (rgba 5650), depth: 0, stencil: 0, acc: 0000, samples: 0/0
display  D   display_settings.c:398  _al_score_display_settings       [   0.04521] Single Buffer requirement not met.
display  D   display_settings.c:212  debug_display_settings           [   0.04521] color: 16 (rgba 5650), depth: 0, stencil: 0, acc: 0000, samples: 2/1
display  D   display_settings.c:398  _al_score_display_settings       [   0.04522] Single Buffer requirement not met.
display  D   display_settings.c:212  debug_display_settings           [   0.04523] color: 16 (rgba 5650), depth: 0, stencil: 0, acc: 0000, samples: 3/1
display  D   display_settings.c:398  _al_score_display_settings       [   0.04523] Single Buffer requirement not met.
display  D   display_settings.c:212  debug_display_settings           [   0.04524] color: 16 (rgba 5650), depth: 0, stencil: 0, acc: 0000, samples: 4/1
display  D   display_settings.c:398  _al_score_display_settings       [   0.04525] Single Buffer requirement not met.
display  D   display_settings.c:212  debug_display_settings           [   0.04525] color: 16 (rgba 5650), depth: 24, stencil: 8, acc: 0000, samples: 0/0
display  D   display_settings.c:398  _al_score_display_settings       [   0.04526] Single Buffer requirement not met.
display  D   display_settings.c:212  debug_display_settings           [   0.04527] color: 16 (rgba 5650), depth: 24, stencil: 8, acc: 0000, samples: 0/0
display  D   display_settings.c:398  _al_score_display_settings       [   0.04527] Single Buffer requirement not met.
display  D   display_settings.c:212  debug_display_settings           [   0.04528] color: 16 (rgba 5650), depth: 24, stencil: 8, acc: 0000, samples: 2/1
display  D   display_settings.c:398  _al_score_display_settings       [   0.04529] Single Buffer requirement not met.
display  D   display_settings.c:212  debug_display_settings           [   0.04530] color: 16 (rgba 5650), depth: 24, stencil: 8, acc: 0000, samples: 3/1
display  D   display_settings.c:398  _al_score_display_settings       [   0.04530] Single Buffer requirement not met.
display  D   display_settings.c:212  debug_display_settings           [   0.04531] color: 16 (rgba 5650), depth: 24, stencil: 8, acc: 0000, samples: 4/1
display  D   display_settings.c:398  _al_score_display_settings       [   0.04532] Single Buffer requirement not met.
display  D   display_settings.c:212  debug_display_settings           [   0.04532] color: 16 (rgba 5650), depth: 24, stencil: 0, acc: 0000, samples: 0/0
display  D   display_settings.c:398  _al_score_display_settings       [   0.04533] Single Buffer requirement not met.
display  D   display_settings.c:212  debug_display_settings           [   0.04534] color: 16 (rgba 5650), depth: 24, stencil: 0, acc: 0000, samples: 0/0
display  D   display_settings.c:398  _al_score_display_settings       [   0.04535] Single Buffer requirement not met.
display  D   display_settings.c:212  debug_display_settings           [   0.04535] color: 16 (rgba 5650), depth: 24, stencil: 0, acc: 0000, samples: 2/1
display  D   display_settings.c:398  _al_score_display_settings       [   0.04536] Single Buffer requirement not met.
display  D   display_settings.c:212  debug_display_settings           [   0.04537] color: 16 (rgba 5650), depth: 24, stencil: 0, acc: 0000, samples: 3/1
display  D   display_settings.c:398  _al_score_display_settings       [   0.04537] Single Buffer requirement not met.
display  D   display_settings.c:212  debug_display_settings           [   0.04538] color: 16 (rgba 5650), depth: 24, stencil: 0, acc: 0000, samples: 4/1
display  D   display_settings.c:398  _al_score_display_settings       [   0.04539] Single Buffer requirement not met.
display  D   display_settings.c:212  debug_display_settings           [   0.04539] color: 16 (rgba 5650), depth: 16, stencil: 0, acc: 0000, samples: 0/0
display  D   display_settings.c:398  _al_score_display_settings       [   0.04540] Single Buffer requirement not met.
display  D   display_settings.c:212  debug_display_settings           [   0.04541] color: 16 (rgba 5650), depth: 16, stencil: 0, acc: 0000, samples: 0/0
display  D   display_settings.c:398  _al_score_display_settings       [   0.04541] Single Buffer requirement not met.
display  D   display_settings.c:212  debug_display_settings           [   0.04542] color: 16 (rgba 5650), depth: 16, stencil: 0, acc: 0000, samples: 2/1
display  D   display_settings.c:398  _al_score_display_settings       [   0.04543] Single Buffer requirement not met.
display  D   display_settings.c:212  debug_display_settings           [   0.04544] color: 16 (rgba 5650), depth: 16, stencil: 0, acc: 0000, samples: 3/1
display  D   display_settings.c:398  _al_score_display_settings       [   0.04544] Single Buffer requirement not met.
display  D   display_settings.c:212  debug_display_settings           [   0.04545] color: 16 (rgba 5650), depth: 16, stencil: 0, acc: 0000, samples: 4/1
display  D   display_settings.c:398  _al_score_display_settings       [   0.04546] Single Buffer requirement not met.
d3d      D         d3d_disp.cpp:1682 d3d_create_display_internals     [   0.04547] Trying format 0.
d3d      I         d3d_disp.cpp:1358 d3d_display_thread_proc          [   0.04560] Chose a display format: 23
d3d      I         d3d_disp.cpp:1427 d3d_display_thread_proc          [   0.04562] Normal window.
d3d      I         d3d_disp.cpp:791  d3d_create_device                [   0.06564] Using no depth stencil buffer
d3d      D         d3d_disp.cpp:853  d3d_create_device                [   0.12101] BeginScene succeeded in create_device
d3d      D         d3d_disp.cpp:861  d3d_create_device                [   0.12104] Success
d3d      D         d3d_disp.cpp:1705 d3d_create_display_internals     [   0.12107] Resumed after wait.
d3d      I         d3d_disp.cpp:1738 d3d_create_display_internals     [   0.12110] Format 0 succeeded.
d3d      D         d3d_disp.cpp:1769 d3d_create_display_internals     [   0.12113] Returning d3d_display: 0000000000f5bd30
d3d      D         d3d_disp.cpp:1794 d3d_create_display_locked        [   0.12114] al_display=0000000000f5bd30
d3d      D         d3d_disp.cpp:1795 d3d_create_display_locked        [   0.12115] al_display->vt=0000000000f5bbc0
system   D            wsystem.c:874  _al_win_safe_load_library        [   0.12133] PathFindOnPath found: C:\WINDOWS\system32\d3dx9_43.dll
system   D            wsystem.c:780  load_library_at_path             [   0.12134] Calling LoadLibrary C:\WINDOWS\system32\d3dx9_43.dll
system   I            wsystem.c:783  load_library_at_path             [   0.12169] Loaded C:\WINDOWS\system32\d3dx9_43.dll
d3dx9    I        d3d_d3dx9.cpp:88   _imp_load_d3dx9_module_version   [   0.12171] Module "d3dx9_43.dll" loaded.
stdio    D         file_stdio.c:110  file_stdio_fopen                 [   0.12176] opening assets/font/pirulen.ttf rb
font     D                ttf.c:943  al_load_ttf_font_stretch_f       [   0.12611] Font assets/font/pirulen.ttf loaded with pixel size 0 x 12.
font     D                ttf.c:945  al_load_ttf_font_stretch_f       [   0.12613]     ascent=12.0, descent=-3.0, height=14.0
dtor     D               dtor.c:196  _al_register_destructor          [   0.12614] added dtor for ttf_font 000000000271fe10, func 00007ffbe6814c05
stdio    D         file_stdio.c:110  file_stdio_fopen                 [   0.12616] opening assets/sound/menu.mp3 rb
dtor     D               dtor.c:196  _al_register_destructor          [   0.50095] added dtor for sample 0000000002720020, func 00007ffbe6821a1d
audio-dsound D           dsound.cpp:311  _dsound_allocate_voice           [   0.50103] Allocating voice
audio-dsound D           dsound.cpp:370  _dsound_allocate_voice           [   0.50104] Allocated voice
dtor     D               dtor.c:196  _al_register_destructor          [   0.50105] added dtor for voice 000000000272c860, func 00007ffbe6825024
dtor     D               dtor.c:196  _al_register_destructor          [   0.50106] added dtor for mixer 000000000272b130, func 00007ffbe68204dc
audio-dsound D           dsound.cpp:466  _dsound_start_voice              [   0.50107] Starting voice
audio-dsound D           dsound.cpp:494  _dsound_start_voice              [   0.50108] CreateSoundBuffer
audio-dsound D           dsound.cpp:502  _dsound_start_voice              [   0.50220] CreateSoundBuffer succeeded
audio-dsound D           dsound.cpp:508  _dsound_start_voice              [   0.50223] Starting _dsound_update thread
audio-dsound I           dsound.cpp:518  _dsound_start_voice              [   0.50226] Voice started
dtor     D               dtor.c:196  _al_register_destructor          [   0.50227] added dtor for sample_instance 000000000272b370, func 00007ffbe681929b
audio    D          kcm_mixer.c:121  _al_rechannel_matrix             [   0.50229] sample matrix:
audio    D          kcm_mixer.c:127  _al_rechannel_matrix             [   0.50230] 
audio    D          kcm_mixer.c:127  _al_rechannel_matrix             [   0.50230] 
dtor     D               dtor.c:196  _al_register_destructor          [   0.50231] added dtor for sample_instance 000000000272b490, func 00007ffbe681929b
audio    D          kcm_mixer.c:121  _al_rechannel_matrix             [   0.50232] sample matrix:
audio    D          kcm_mixer.c:127  _al_rechannel_matrix             [   0.50233] 
audio    D          kcm_mixer.c:127  _al_rechannel_matrix             [   0.50233] 
dtor     D               dtor.c:196  _al_register_destructor          [   0.50234] added dtor for sample_instance 000000000272b5b0, func 00007ffbe681929b
audio    D          kcm_mixer.c:121  _al_rechannel_matrix             [   0.50235] sample matrix:
audio    D          kcm_mixer.c:127  _al_rechannel_matrix             [   0.50235] 
audio    D          kcm_mixer.c:127  _al_rechannel_matrix             [   0.50236] 
dtor     D               dtor.c:196  _al_register_destructor          [   0.50237] added dtor for sample_instance 000000000272b6d0, func 00007ffbe681929b
audio    D          kcm_mixer.c:121  _al_rechannel_matrix             [   0.50237] sample matrix:
audio    D          kcm_mixer.c:127  _al_rechannel_matrix             [   0.50238] 
audio    D          kcm_mixer.c:127  _al_rechannel_matrix             [   0.50239] 
dtor     D               dtor.c:196  _al_register_destructor          [   0.50240] added dtor for sample_instance 000000000272b880, func 00007ffbe681929b
audio    D          kcm_mixer.c:121  _al_rechannel_matrix             [   0.50246] sample matrix:
audio    D          kcm_mixer.c:127  _al_rechannel_matrix             [   0.50247] 
audio    D          kcm_mixer.c:127  _al_rechannel_matrix             [   0.50247] 
dtor     D               dtor.c:196  _al_register_destructor          [   0.50248] added dtor for sample_instance 0000000002738a40, func 00007ffbe681929b
audio    D          kcm_mixer.c:121  _al_rechannel_matrix             [   0.50249] sample matrix:
audio    D          kcm_mixer.c:127  _al_rechannel_matrix             [   0.50250] 
audio    D          kcm_mixer.c:127  _al_rechannel_matrix             [   0.50251] 
dtor     D               dtor.c:196  _al_register_destructor          [   0.50251] added dtor for sample_instance 0000000002738b60, func 00007ffbe681929b
audio    D          kcm_mixer.c:121  _al_rechannel_matrix             [   0.50252] sample matrix:
audio    D          kcm_mixer.c:127  _al_rechannel_matrix             [   0.50253] 
audio    D          kcm_mixer.c:127  _al_rechannel_matrix             [   0.50253] 
dtor     D               dtor.c:196  _al_register_destructor          [   0.50254] added dtor for sample_instance 0000000002738c80, func 00007ffbe681929b
audio    D          kcm_mixer.c:121  _al_rechannel_matrix             [   0.50255] sample matrix:
audio    D          kcm_mixer.c:127  _al_rechannel_matrix             [   0.50255] 
audio    D          kcm_mixer.c:127  _al_rechannel_matrix             [   0.50256] 
dtor     D               dtor.c:196  _al_register_destructor          [   0.50257] added dtor for sample_instance 0000000002738eb0, func 00007ffbe681929b
audio    D          kcm_mixer.c:121  _al_rechannel_matrix             [   0.50257] sample matrix:
audio    D          kcm_mixer.c:127  _al_rechannel_matrix             [   0.50258] 
audio    D          kcm_mixer.c:127  _al_rechannel_matrix             [   0.50259] 
dtor     D               dtor.c:196  _al_register_destructor          [   0.50259] added dtor for sample_instance 000000000272b9a0, func 00007ffbe681929b
audio    D          kcm_mixer.c:121  _al_rechannel_matrix             [   0.50260] sample matrix:
audio    D          kcm_mixer.c:127  _al_rechannel_matrix             [   0.50261] 
audio    D          kcm_mixer.c:127  _al_rechannel_matrix             [   0.50261] 
dtor     D               dtor.c:196  _al_register_destructor          [   0.50262] added dtor for sample_instance 000000000272bac0, func 00007ffbe681929b
audio    D          kcm_mixer.c:121  _al_rechannel_matrix             [   0.50263] sample matrix:
audio    D          kcm_mixer.c:127  _al_rechannel_matrix             [   0.50263] 
audio    D          kcm_mixer.c:127  _al_rechannel_matrix             [   0.50264] 
dtor     D               dtor.c:196  _al_register_destructor          [   0.50265] added dtor for sample_instance 000000000272bbe0, func 00007ffbe681929b
audio    D          kcm_mixer.c:121  _al_rechannel_matrix             [   0.50265] sample matrix:
audio    D          kcm_mixer.c:127  _al_rechannel_matrix             [   0.50266] 
audio    D          kcm_mixer.c:127  _al_rechannel_matrix             [   0.50267] 
dtor     D               dtor.c:196  _al_register_destructor          [   0.50268] added dtor for sample_instance 0000000002739260, func 00007ffbe681929b
audio    D          kcm_mixer.c:121  _al_rechannel_matrix             [   0.50269] sample matrix:
audio    D          kcm_mixer.c:127  _al_rechannel_matrix             [   0.50269] 
audio    D          kcm_mixer.c:127  _al_rechannel_matrix             [   0.50270] 
dtor     D               dtor.c:196  _al_register_destructor          [   0.50271] added dtor for sample_instance 00000000027396e0, func 00007ffbe681929b
audio    D          kcm_mixer.c:121  _al_rechannel_matrix             [   0.50271] sample matrix:
audio    D          kcm_mixer.c:127  _al_rechannel_matrix             [   0.50272] 
audio    D          kcm_mixer.c:127  _al_rechannel_matrix             [   0.50273] 
dtor     D               dtor.c:196  _al_register_destructor          [   0.50273] added dtor for sample_instance 0000000002739b60, func 00007ffbe681929b
audio    D          kcm_mixer.c:121  _al_rechannel_matrix             [   0.50274] sample matrix:
audio    D          kcm_mixer.c:127  _al_rechannel_matrix             [   0.50275] 
audio    D          kcm_mixer.c:127  _al_rechannel_matrix             [   0.50275] 
dtor     D               dtor.c:196  _al_register_destructor          [   0.50276] added dtor for sample_instance 0000000002739380, func 00007ffbe681929b
audio    D          kcm_mixer.c:121  _al_rechannel_matrix             [   0.50277] sample matrix:
audio    D          kcm_mixer.c:127  _al_rechannel_matrix             [   0.50277] 
audio    D          kcm_mixer.c:127  _al_rechannel_matrix             [   0.50278] 
dtor     D               dtor.c:196  _al_register_destructor          [   0.50279] added dtor for sample_instance 00000000027394a0, func 00007ffbe681929b
audio    D          kcm_mixer.c:121  _al_rechannel_matrix             [   0.50279] sample matrix:
audio    D          kcm_mixer.c:127  _al_rechannel_matrix             [   0.50280] 
audio    D          kcm_mixer.c:127  _al_rechannel_matrix             [   0.50281] 
dtor     D               dtor.c:196  _al_register_destructor          [   0.50281] added dtor for sample_instance 0000000002739a40, func 00007ffbe681929b
audio    D          kcm_mixer.c:121  _al_rechannel_matrix             [   0.50282] sample matrix:
audio    D          kcm_mixer.c:127  _al_rechannel_matrix             [   0.50283] 
audio    D          kcm_mixer.c:127  _al_rechannel_matrix             [   0.50283] 
dtor     D               dtor.c:196  _al_register_destructor          [   0.50284] added dtor for sample_instance 0000000002739800, func 00007ffbe681929b
audio    D          kcm_mixer.c:121  _al_rechannel_matrix             [   0.50285] sample matrix:
audio    D          kcm_mixer.c:127  _al_rechannel_matrix             [   0.50285] 
audio    D          kcm_mixer.c:127  _al_rechannel_matrix             [   0.50286] 
dtor     D               dtor.c:196  _al_register_destructor          [   0.50287] added dtor for sample_instance 0000000002739c80, func 00007ffbe681929b
audio    D          kcm_mixer.c:121  _al_rechannel_matrix             [   0.50287] sample matrix:
audio    D          kcm_mixer.c:127  _al_rechannel_matrix             [   0.50288] 
audio    D          kcm_mixer.c:127  _al_rechannel_matrix             [   0.50289] 
dtor     D               dtor.c:196  _al_register_destructor          [   0.50289] added dtor for sample_instance 0000000002739da0, func 00007ffbe681929b
audio-dsound D           dsound.cpp:528  _dsound_stop_voice               [   0.50290] Stopping voice
audio-dsound D           dsound.cpp:545  _dsound_stop_voice               [   0.50291] Joining thread
audio-dsound D           dsound.cpp:551  _dsound_stop_voice               [   0.80390] Joined thread
audio-dsound D           dsound.cpp:553  _dsound_stop_voice               [   0.80394] Destroying thread
audio-dsound D           dsound.cpp:555  _dsound_stop_voice               [   0.80395] Thread destroyed
audio-dsound D           dsound.cpp:562  _dsound_stop_voice               [   0.80396] Releasing buffer
audio-dsound I           dsound.cpp:566  _dsound_stop_voice               [   0.80397] Voice stopped
audio-dsound D           dsound.cpp:466  _dsound_start_voice              [   0.80397] Starting voice
audio-dsound D           dsound.cpp:494  _dsound_start_voice              [   0.80398] CreateSoundBuffer
audio-dsound D           dsound.cpp:502  _dsound_start_voice              [   0.80405] CreateSoundBuffer succeeded
audio-dsound D           dsound.cpp:508  _dsound_start_voice              [   0.80406] Starting _dsound_update thread
audio-dsound I           dsound.cpp:518  _dsound_start_voice              [   0.80410] Voice started
audio    D          kcm_mixer.c:121  _al_rechannel_matrix             [   0.80411] sample matrix:
audio    D          kcm_mixer.c:127  _al_rechannel_matrix             [   0.80412]  0.707107 0.000000
audio    D          kcm_mixer.c:127  _al_rechannel_matrix             [   0.80413]  0.000000 0.707107
audio    D          kcm_mixer.c:121  _al_rechannel_matrix             [   0.80414] sample matrix:
audio    D          kcm_mixer.c:127  _al_rechannel_matrix             [   0.80414]  0.070711 0.000000
audio    D          kcm_mixer.c:127  _al_rechannel_matrix             [   0.80415]  0.000000 0.070711
dtor     D               dtor.c:196  _al_register_destructor          [   0.80416] added dtor for queue 000000000272c060, func 00007ffbe671c5dc
dtor     D               dtor.c:196  _al_register_destructor          [   0.80695] added dtor for timer 000000000272c130, func 00007ffbe672fb3b
stdio    D         file_stdio.c:110  file_stdio_fopen                 [   0.80701] opening assets/image/icon.jpg rb
stdio    D         file_stdio.c:110  file_stdio_fopen                 [   0.81069] opening assets/image/icon.jpg rb
d3d      D         d3d_disp.cpp:1202 real_choose_bitmap_format        [   0.81086] Fake format
d3d      D         d3d_disp.cpp:1202 real_choose_bitmap_format        [   0.81088] Fake format
d3d      D         d3d_disp.cpp:1202 real_choose_bitmap_format        [   0.81088] Fake format
d3d      D         d3d_disp.cpp:1202 real_choose_bitmap_format        [   0.81089] Fake format
d3d      D         d3d_disp.cpp:1202 real_choose_bitmap_format        [   0.81090] Fake format
d3d      D         d3d_disp.cpp:1202 real_choose_bitmap_format        [   0.81090] Fake format
d3d      D         d3d_disp.cpp:1202 real_choose_bitmap_format        [   0.81091] Fake format
d3d      D         d3d_disp.cpp:1202 real_choose_bitmap_format        [   0.81092] Fake format
d3d      D         d3d_disp.cpp:1202 real_choose_bitmap_format        [   0.81092] Fake format
d3d      D         d3d_disp.cpp:1210 real_choose_bitmap_format        [   0.81093] Alpha doesn't match
d3d      D         d3d_disp.cpp:1217 real_choose_bitmap_format        [   0.81094] Adapter format is 23
d3d      D         d3d_disp.cpp:1220 real_choose_bitmap_format        [   0.81095] Found a format
d3d      I         d3d_disp.cpp:2391 d3d_create_bitmap                [   0.81095] Chose bitmap format 9
dtor     D               dtor.c:196  _al_register_destructor          [   0.81142] added dtor for bitmap 000000000275f6d0, func 00007ffbe66f1bea
d3d      D         d3d_disp.cpp:1202 real_choose_bitmap_format        [   0.81269] Fake format
d3d      D         d3d_disp.cpp:1202 real_choose_bitmap_format        [   0.81271] Fake format
d3d      D         d3d_disp.cpp:1202 real_choose_bitmap_format        [   0.81272] Fake format
d3d      D         d3d_disp.cpp:1202 real_choose_bitmap_format        [   0.81273] Fake format
d3d      D         d3d_disp.cpp:1202 real_choose_bitmap_format        [   0.81274] Fake format
d3d      D         d3d_disp.cpp:1202 real_choose_bitmap_format        [   0.81274] Fake format
d3d      D         d3d_disp.cpp:1202 real_choose_bitmap_format        [   0.81275] Fake format
d3d      D         d3d_disp.cpp:1202 real_choose_bitmap_format        [   0.81276] Fake format
d3d      D         d3d_disp.cpp:1202 real_choose_bitmap_format        [   0.81276] Fake format
d3d      D         d3d_disp.cpp:1210 real_choose_bitmap_format        [   0.81277] Alpha doesn't match
d3d      D         d3d_disp.cpp:1217 real_choose_bitmap_format        [   0.81278] Adapter format is 23
d3d      D         d3d_disp.cpp:1220 real_choose_bitmap_format        [   0.81278] Found a format
d3d      I         d3d_disp.cpp:2391 d3d_create_bitmap                [   0.81279] Chose bitmap format 9
dtor     D               dtor.c:196  _al_register_destructor          [   0.81331] added dtor for bitmap 00000000027ee810, func 00007ffbe66f1bea
d3d      D          d3d_bmp.cpp:539  _al_d3d_sync_bitmap              [   0.81441] _al_d3d_sync_bitmap (system) ref count == 1
d3d      D          d3d_bmp.cpp:545  _al_d3d_sync_bitmap              [   0.81443] _al_d3d_sync_bitmap (video) ref count == 1
dtor     D               dtor.c:227  _al_unregister_destructor        [   0.81707] removed dtor for bitmap 00000000027ee810
d3d      D         d3d_disp.cpp:1202 real_choose_bitmap_format        [   0.81751] Fake format
d3d      D         d3d_disp.cpp:1202 real_choose_bitmap_format        [   0.81753] Fake format
d3d      D         d3d_disp.cpp:1202 real_choose_bitmap_format        [   0.81754] Fake format
d3d      D         d3d_disp.cpp:1202 real_choose_bitmap_format        [   0.81755] Fake format
d3d      D         d3d_disp.cpp:1202 real_choose_bitmap_format        [   0.81755] Fake format
d3d      D         d3d_disp.cpp:1202 real_choose_bitmap_format        [   0.81756] Fake format
d3d      D         d3d_disp.cpp:1202 real_choose_bitmap_format        [   0.81757] Fake format
d3d      D         d3d_disp.cpp:1202 real_choose_bitmap_format        [   0.81758] Fake format
d3d      D         d3d_disp.cpp:1202 real_choose_bitmap_format        [   0.81758] Fake format
d3d      D         d3d_disp.cpp:1210 real_choose_bitmap_format        [   0.81759] Alpha doesn't match
d3d      D         d3d_disp.cpp:1217 real_choose_bitmap_format        [   0.81760] Adapter format is 23
d3d      D         d3d_disp.cpp:1220 real_choose_bitmap_format        [   0.81761] Found a format
d3d      I         d3d_disp.cpp:2391 d3d_create_bitmap                [   0.81762] Chose bitmap format 9
dtor     D               dtor.c:196  _al_register_destructor          [   0.81777] added dtor for bitmap 00000000027ee810, func 00007ffbe66f1bea
d3d      D          d3d_bmp.cpp:539  _al_d3d_sync_bitmap              [   0.82085] _al_d3d_sync_bitmap (system) ref count == 1
d3d      D          d3d_bmp.cpp:545  _al_d3d_sync_bitmap              [   0.82086] _al_d3d_sync_bitmap (video) ref count == 1
dtor     D               dtor.c:227  _al_unregister_destructor        [   0.82242] removed dtor for bitmap 00000000027ee810
d3d      D         d3d_disp.cpp:1202 real_choose_bitmap_format        [   0.83980] Fake format
d3d      D         d3d_disp.cpp:1202 real_choose_bitmap_format        [   0.83984] Fake format
d3d      D         d3d_disp.cpp:1202 real_choose_bitmap_format        [   0.83985] Fake format
d3d      D         d3d_disp.cpp:1202 real_choose_bitmap_format        [   0.83986] Fake format
d3d      D         d3d_disp.cpp:1202 real_choose_bitmap_format        [   0.83986] Fake format
d3d      D         d3d_disp.cpp:1202 real_choose_bitmap_format        [   0.83987] Fake format
d3d      D         d3d_disp.cpp:1202 real_choose_bitmap_format        [   0.83988] Fake format
d3d      D         d3d_disp.cpp:1202 real_choose_bitmap_format        [   0.83989] Fake format
d3d      D         d3d_disp.cpp:1202 real_choose_bitmap_format        [   0.83989] Fake format
d3d      D         d3d_disp.cpp:1210 real_choose_bitmap_format        [   0.83990] Alpha doesn't match
d3d      D         d3d_disp.cpp:1217 real_choose_bitmap_format        [   0.83991] Adapter format is 23
d3d      D         d3d_disp.cpp:1220 real_choose_bitmap_format        [   0.83992] Found a format
d3d      I         d3d_disp.cpp:2391 d3d_create_bitmap                [   0.83992] Chose bitmap format 9
font     D                ttf.c:243  alloc_glyph_region               [   0.84019] Glyph 50: 13x11 (16x12)
font     D                ttf.c:287  alloc_glyph_region               [   0.84022] Locking glyph region: 00000000027582c0 0 0 16 12
font     D                ttf.c:167  unlock_current_page              [   0.84031] Unlocking page: 00000000027582c0
font     D                ttf.c:243  alloc_glyph_region               [   0.84040] Glyph 84: 13x11 (16x12)
font     D                ttf.c:287  alloc_glyph_region               [   0.84041] Locking glyph region: 00000000027582c0 16 0 16 12
font     D                ttf.c:167  unlock_current_page              [   0.84047] Unlocking page: 00000000027582c0
font     D                ttf.c:243  alloc_glyph_region               [   0.84053] Glyph 71: 12x11 (12x12)
font     D                ttf.c:287  alloc_glyph_region               [   0.84054] Locking glyph region: 00000000027582c0 32 0 12 12
font     D                ttf.c:167  unlock_current_page              [   0.84055] Unlocking page: 00000000027582c0
font     D                ttf.c:243  alloc_glyph_region               [   0.84062] Glyph 85: 13x11 (16x12)
font     D                ttf.c:287  alloc_glyph_region               [   0.84063] Locking glyph region: 00000000027582c0 44 0 16 12
font     D                ttf.c:167  unlock_current_page              [   0.84064] Unlocking page: 00000000027582c0
font     D                ttf.c:446  cache_glyph                      [   0.84065] Glyph 2 has zero size.
font     D                ttf.c:243  alloc_glyph_region               [   0.84068] Glyph 9: 5x5 (8x8)
font     D                ttf.c:287  alloc_glyph_region               [   0.84069] Locking glyph region: 00000000027582c0 60 0 8 8
font     D                ttf.c:167  unlock_current_page              [   0.84070] Unlocking page: 00000000027582c0
font     D                ttf.c:243  alloc_glyph_region               [   0.84074] Glyph 39: 12x11 (12x12)
font     D                ttf.c:287  alloc_glyph_region               [   0.84075] Locking glyph region: 00000000027582c0 68 0 12 12
font     D                ttf.c:167  unlock_current_page              [   0.84076] Unlocking page: 00000000027582c0
font     D                ttf.c:243  alloc_glyph_region               [   0.84081] Glyph 80: 14x11 (16x12)
font     D                ttf.c:287  alloc_glyph_region               [   0.84081] Locking glyph region: 00000000027582c0 80 0 16 12
font     D                ttf.c:167  unlock_current_page              [   0.84083] Unlocking page: 00000000027582c0
font     D                ttf.c:243  alloc_glyph_region               [   0.84087] Glyph 86: 13x11 (16x12)
font     D                ttf.c:287  alloc_glyph_region               [   0.84088] Locking glyph region: 00000000027582c0 96 0 16 12
font     D                ttf.c:167  unlock_current_page              [   0.84089] Unlocking page: 00000000027582c0
font     D                ttf.c:243  alloc_glyph_region               [   0.84095] Glyph 81: 14x11 (16x12)
font     D                ttf.c:287  alloc_glyph_region               [   0.84095] Locking glyph region: 00000000027582c0 112 0 16 12
font     D                ttf.c:167  unlock_current_page              [   0.84097] Unlocking page: 00000000027582c0
font     D                ttf.c:243  alloc_glyph_region               [   0.84101] Glyph 67: 15x11 (16x12)
font     D                ttf.c:287  alloc_glyph_region               [   0.84101] Locking glyph region: 00000000027582c0 128 0 16 12
font     D                ttf.c:167  unlock_current_page              [   0.84103] Unlocking page: 00000000027582c0
d3d      D          d3d_bmp.cpp:539  _al_d3d_sync_bitmap              [   0.85603] _al_d3d_sync_bitmap (system) ref count == 1
d3d      D          d3d_bmp.cpp:545  _al_d3d_sync_bitmap              [   0.85607] _al_d3d_sync_bitmap (video) ref count == 1
d3d      D          d3d_bmp.cpp:539  _al_d3d_sync_bitmap              [   0.85645] _al_d3d_sync_bitmap (system) ref count == 1
d3d      D          d3d_bmp.cpp:545  _al_d3d_sync_bitmap              [   0.85647] _al_d3d_sync_bitmap (video) ref count == 1
dtor     D               dtor.c:227  _al_unregister_destructor        [   2.86067] removed dtor for queue 000000000272c060
d3d      I         d3d_disp.cpp:915  d3d_destroy_display              [   2.86072] destroying display 0000000000f5bd30 (current 0000000000000000)
bitmap   D        bitmap_type.c:308  _al_convert_to_memory_bitmap     [   2.86380] converting display bitmap 00000000027582c0 to memory bitmap
dtor     D               dtor.c:196  _al_register_destructor          [   2.86385] added dtor for bitmap 00000000027580b0, func 00007ffbe66f1bea
d3d      D          d3d_bmp.cpp:539  _al_d3d_sync_bitmap              [   2.86387] _al_d3d_sync_bitmap (system) ref count == 1
d3d      D          d3d_bmp.cpp:545  _al_d3d_sync_bitmap              [   2.86388] _al_d3d_sync_bitmap (video) ref count == 1
dtor     D               dtor.c:227  _al_unregister_destructor        [   2.86405] removed dtor for bitmap 00000000027580b0
bitmap   D        bitmap_type.c:308  _al_convert_to_memory_bitmap     [   2.86409] converting display bitmap 000000000275f6d0 to memory bitmap
dtor     D               dtor.c:196  _al_register_destructor          [   2.86411] added dtor for bitmap 00000000027580b0, func 00007ffbe66f1bea
d3d      D          d3d_bmp.cpp:539  _al_d3d_sync_bitmap              [   2.86412] _al_d3d_sync_bitmap (system) ref count == 1
d3d      D          d3d_bmp.cpp:545  _al_d3d_sync_bitmap              [   2.86413] _al_d3d_sync_bitmap (video) ref count == 1
dtor     D               dtor.c:227  _al_unregister_destructor        [   2.86445] removed dtor for bitmap 00000000027580b0
d3d      D         d3d_disp.cpp:899  d3d_destroy_display_internals    [   2.86453] waiting for display 0000000000f5bd30's thread to end
d3d      W         d3d_disp.cpp:608  d3d_destroy_device               [   2.87111] d3d_destroy_device: ref count not 0
d3d      W         d3d_disp.cpp:608  d3d_destroy_device               [   2.87114] d3d_destroy_device: ref count not 0
d3d      I         d3d_disp.cpp:1562 d3d_display_thread_proc          [   2.87858] d3d display thread exits
dtor     D               dtor.c:227  _al_unregister_destructor        [   2.87897] removed dtor for ttf_font 000000000271fe10
dtor     D               dtor.c:227  _al_unregister_destructor        [   2.87908] removed dtor for sample 0000000002720020
dtor     D               dtor.c:227  _al_unregister_destructor        [   2.87976] removed dtor for sample_instance 0000000002739da0
dtor     D               dtor.c:116  _al_run_destructors              [   2.87979] calling dtor for bitmap 000000000275f6d0, func 00007ffbe66f1bea
dtor     D               dtor.c:227  _al_unregister_destructor        [   2.87980] removed dtor for bitmap 000000000275f6d0
dtor     D               dtor.c:116  _al_run_destructors              [   2.87987] calling dtor for timer 000000000272c130, func 00007ffbe672fb3b
dtor     D               dtor.c:227  _al_unregister_destructor        [   2.87988] removed dtor for timer 000000000272c130
dtor     D               dtor.c:227  _al_unregister_destructor        [   2.87989] removed dtor for sample_instance 000000000272b370
dtor     D               dtor.c:227  _al_unregister_destructor        [   2.87990] removed dtor for sample_instance 000000000272b490
dtor     D               dtor.c:227  _al_unregister_destructor        [   2.87991] removed dtor for sample_instance 000000000272b5b0
dtor     D               dtor.c:227  _al_unregister_destructor        [   2.87991] removed dtor for sample_instance 000000000272b6d0
dtor     D               dtor.c:227  _al_unregister_destructor        [   2.87992] removed dtor for sample_instance 000000000272b880
dtor     D               dtor.c:227  _al_unregister_destructor        [   2.87993] removed dtor for sample_instance 0000000002738a40
dtor     D               dtor.c:227  _al_unregister_destructor        [   2.87994] removed dtor for sample_instance 0000000002738b60
dtor     D               dtor.c:227  _al_unregister_destructor        [   2.87995] removed dtor for sample_instance 0000000002738c80
dtor     D               dtor.c:227  _al_unregister_destructor        [   2.87996] removed dtor for sample_instance 0000000002738eb0
dtor     D               dtor.c:227  _al_unregister_destructor        [   2.87997] removed dtor for sample_instance 000000000272b9a0
dtor     D               dtor.c:227  _al_unregister_destructor        [   2.87998] removed dtor for sample_instance 000000000272bac0
dtor     D               dtor.c:227  _al_unregister_destructor        [   2.87999] removed dtor for sample_instance 000000000272bbe0
dtor     D               dtor.c:227  _al_unregister_destructor        [   2.88001] removed dtor for sample_instance 0000000002739260
dtor     D               dtor.c:227  _al_unregister_destructor        [   2.88004] removed dtor for sample_instance 00000000027396e0
dtor     D               dtor.c:227  _al_unregister_destructor        [   2.88005] removed dtor for sample_instance 0000000002739b60
dtor     D               dtor.c:227  _al_unregister_destructor        [   2.88005] removed dtor for sample_instance 0000000002739380
dtor     D               dtor.c:227  _al_unregister_destructor        [   2.88006] removed dtor for sample_instance 00000000027394a0
dtor     D               dtor.c:227  _al_unregister_destructor        [   2.88007] removed dtor for sample_instance 0000000002739a40
dtor     D               dtor.c:227  _al_unregister_destructor        [   2.88008] removed dtor for sample_instance 0000000002739800
dtor     D               dtor.c:227  _al_unregister_destructor        [   2.88009] removed dtor for sample_instance 0000000002739c80
dtor     D               dtor.c:227  _al_unregister_destructor        [   2.88010] removed dtor for mixer 000000000272b130
audio-dsound D           dsound.cpp:528  _dsound_stop_voice               [   2.88012] Stopping voice
audio-dsound D           dsound.cpp:545  _dsound_stop_voice               [   2.88015] Joining thread
audio-dsound D           dsound.cpp:551  _dsound_stop_voice               [   2.88262] Joined thread
audio-dsound D           dsound.cpp:553  _dsound_stop_voice               [   2.88266] Destroying thread
audio-dsound D           dsound.cpp:555  _dsound_stop_voice               [   2.88268] Thread destroyed
audio-dsound D           dsound.cpp:562  _dsound_stop_voice               [   2.88269] Releasing buffer
audio-dsound I           dsound.cpp:566  _dsound_stop_voice               [   2.88270] Voice stopped
dtor     D               dtor.c:227  _al_unregister_destructor        [   2.88272] removed dtor for voice 000000000272c860
audio-dsound D           dsound.cpp:380  _dsound_deallocate_voice         [   2.88273] Deallocating voice
audio-dsound D           dsound.cpp:385  _dsound_deallocate_voice         [   2.88274] Deallocated voice
audio-dsound D           dsound.cpp:296  _dsound_close                    [   2.88276] Releasing device
audio-dsound D           dsound.cpp:298  _dsound_close                    [   2.94453] Released device
audio-dsound I           dsound.cpp:299  _dsound_close                    [   2.94457] DirectSound closed
